2022-11-12 09:30:30.365 [info] Validating found git in: git
2022-11-12 09:30:30.366 [info] Using git 2.17.1 from git
2022-11-12 09:30:30.366 [info] > git rev-parse --show-toplevel [10ms]
2022-11-12 09:30:30.366 [info] > git rev-parse --git-dir --git-common-dir [2ms]
2022-11-12 09:30:30.366 [info] Log level: Info
2022-11-12 09:30:30.366 [info] Open repository: /home/quhaidong/workspace/Project/ZeusSwap
2022-11-12 09:30:30.370 [info] > git rev-parse --show-toplevel [20ms]
2022-11-12 09:30:30.377 [info] > git remote --verbose [43ms]
2022-11-12 09:30:30.378 [info] > git for-each-ref --sort -committerdate --format %(refname) %(objectname) %(*objectname) [50ms]
2022-11-12 09:30:30.385 [info] > git rev-parse --show-toplevel [8ms]
2022-11-12 09:30:30.395 [info] > git config --get commit.template [37ms]
2022-11-12 09:30:30.397 [info] > git rev-parse --show-toplevel [3ms]
2022-11-12 09:30:30.412 [info] > git status -z -uall [70ms]
2022-11-12 09:30:30.413 [info] > git rev-parse --show-toplevel [11ms]
2022-11-12 09:30:30.422 [info] > git rev-parse --show-toplevel [3ms]
2022-11-12 09:30:30.425 [info] > git for-each-ref --format=%(refname)%00%(upstream:short)%00%(objectname)%00%(upstream:track)%00%(upstream:remotename)%00%(upstream:remoteref) refs/heads/master refs/remotes/master [15ms]
2022-11-12 09:30:30.463 [info] > git remote --verbose [12ms]
2022-11-12 09:30:30.464 [info] > git for-each-ref --sort -committerdate --format %(refname) %(objectname) %(*objectname) [18ms]
2022-11-12 09:30:30.466 [info] > git config --get commit.template [3ms]
2022-11-12 09:30:30.473 [info] > git status -z -uall [17ms]
2022-11-12 09:30:30.475 [info] > git for-each-ref --format=%(refname)%00%(upstream:short)%00%(objectname)%00%(upstream:track)%00%(upstream:remotename)%00%(upstream:remoteref) refs/heads/master refs/remotes/master [3ms]
2022-11-12 09:30:30.875 [info] > git check-ignore -v -z --stdin [1ms]
2022-11-12 09:30:33.048 [info] > git remote --verbose [11ms]
2022-11-12 09:30:33.049 [info] > git for-each-ref --sort -committerdate --format %(refname) %(objectname) %(*objectname) [17ms]
2022-11-12 09:30:33.053 [info] > git config --get commit.template [5ms]
2022-11-12 09:30:33.053 [info] > git status -z -uall [11ms]
2022-11-12 09:30:33.060 [info] > git for-each-ref --format=%(refname)%00%(upstream:short)%00%(objectname)%00%(upstream:track)%00%(upstream:remotename)%00%(upstream:remoteref) refs/heads/master refs/remotes/master [1ms]
2022-11-12 09:30:36.145 [info] > git check-ignore -v -z --stdin [2ms]
2022-11-12 09:30:37.829 [info] > git check-ignore -v -z --stdin [2ms]
2022-11-12 09:30:38.090 [info] > git remote --verbose [13ms]
2022-11-12 09:30:38.090 [info] > git for-each-ref --sort -committerdate --format %(refname) %(objectname) %(*objectname) [20ms]
2022-11-12 09:30:38.091 [info] > git config --get commit.template [3ms]
2022-11-12 09:30:38.092 [info] > git status -z -uall [10ms]
2022-11-12 09:30:38.100 [info] > git for-each-ref --format=%(refname)%00%(upstream:short)%00%(objectname)%00%(upstream:track)%00%(upstream:remotename)%00%(upstream:remoteref) refs/heads/master refs/remotes/master [1ms]
2022-11-12 09:30:38.994 [info] > git show --textconv :src/constants/index.ts [169ms]
2022-11-12 09:30:38.995 [info] > git ls-files --stage -- /home/quhaidong/workspace/Project/ZeusSwap/src/constants/index.ts [151ms]
2022-11-12 09:30:39.005 [info] > git cat-file -s 7b70b399d1bda3dfe60f363444a0811b800f4c75 [2ms]
2022-11-12 09:30:44.982 [info] > git remote --verbose [14ms]
2022-11-12 09:30:44.983 [info] > git for-each-ref --sort -committerdate --format %(refname) %(objectname) %(*objectname) [21ms]
2022-11-12 09:30:44.985 [info] > git config --get commit.template [3ms]
2022-11-12 09:30:44.992 [info] > git status -z -uall [16ms]
2022-11-12 09:30:44.994 [info] > git for-each-ref --format=%(refname)%00%(upstream:short)%00%(objectname)%00%(upstream:track)%00%(upstream:remotename)%00%(upstream:remoteref) refs/heads/master refs/remotes/master [3ms]
2022-11-12 09:30:46.351 [info] > git show --textconv :README.md [12ms]
2022-11-12 09:30:46.352 [info] > git ls-files --stage -- /home/quhaidong/workspace/Project/ZeusSwap/README.md [2ms]
2022-11-12 09:30:46.364 [info] > git cat-file -s 028c61dd80f5c6ed07400d17d15ec4ab0d096b86 [0ms]
2022-11-12 09:34:08.414 [info] > git status -z -uall [11ms]
2022-11-12 09:34:08.416 [info] > git remote --verbose [20ms]
2022-11-12 09:34:08.417 [info] > git for-each-ref --sort -committerdate --format %(refname) %(objectname) %(*objectname) [30ms]
2022-11-12 09:34:08.431 [info] > git config --get commit.template [17ms]
2022-11-12 09:34:08.437 [info] > git ls-files --stage -- /home/quhaidong/workspace/Project/ZeusSwap/README.md [8ms]
2022-11-12 09:34:08.456 [info] > git show --textconv :README.md [1ms]
2022-11-12 09:34:08.457 [info] > git for-each-ref --format=%(refname)%00%(upstream:short)%00%(objectname)%00%(upstream:track)%00%(upstream:remotename)%00%(upstream:remoteref) refs/heads/master refs/remotes/master [9ms]
2022-11-12 09:34:18.135 [info] > git check-ignore -v -z --stdin [1ms]
2022-11-12 09:35:10.328 [info] > git remote --verbose [33ms]
2022-11-12 09:35:10.330 [info] > git for-each-ref --sort -committerdate --format %(refname) %(objectname) %(*objectname) [45ms]
2022-11-12 09:35:10.332 [info] > git config --get commit.template [7ms]
2022-11-12 09:35:10.341 [info] > git for-each-ref --format=%(refname)%00%(upstream:short)%00%(objectname)%00%(upstream:track)%00%(upstream:remotename)%00%(upstream:remoteref) refs/heads/master refs/remotes/master [1ms]
2022-11-12 09:35:10.349 [info] > git status -z -uall [35ms]
2022-11-12 09:35:15.396 [info] > git status -z -uall [7ms]
2022-11-12 09:35:15.397 [info] > git remote --verbose [13ms]
2022-11-12 09:35:15.398 [info] > git for-each-ref --sort -committerdate --format %(refname) %(objectname) %(*objectname) [21ms]
2022-11-12 09:35:15.400 [info] > git config --get commit.template [3ms]
2022-11-12 09:35:15.410 [info] > git for-each-ref --format=%(refname)%00%(upstream:short)%00%(objectname)%00%(upstream:track)%00%(upstream:remotename)%00%(upstream:remoteref) refs/heads/master refs/remotes/master [1ms]
2022-11-12 09:35:16.758 [info] > git show --textconv :cypress.json [8ms]
2022-11-12 09:35:16.759 [info] > git ls-files --stage -- /home/quhaidong/workspace/Project/ZeusSwap/cypress.json [2ms]
2022-11-12 09:35:20.444 [info] > git status -z -uall [6ms]
2022-11-12 09:35:20.445 [info] > git remote --verbose [14ms]
2022-11-12 09:35:20.446 [info] > git for-each-ref --sort -committerdate --format %(refname) %(objectname) %(*objectname) [22ms]
2022-11-12 09:35:20.449 [info] > git config --get commit.template [5ms]
2022-11-12 09:35:20.462 [info] > git for-each-ref --format=%(refname)%00%(upstream:short)%00%(objectname)%00%(upstream:track)%00%(upstream:remotename)%00%(upstream:remoteref) refs/heads/master refs/remotes/master [3ms]
2022-11-12 09:35:24.008 [info] > git show --textconv :package.json [12ms]
2022-11-12 09:35:24.010 [info] > git ls-files --stage -- /home/quhaidong/workspace/Project/ZeusSwap/package.json [17ms]
2022-11-12 09:35:25.516 [info] > git status -z -uall [11ms]
2022-11-12 09:35:25.517 [info] > git remote --verbose [17ms]
2022-11-12 09:35:25.517 [info] > git for-each-ref --sort -committerdate --format %(refname) %(objectname) %(*objectname) [24ms]
2022-11-12 09:35:25.519 [info] > git config --get commit.template [3ms]
2022-11-12 09:35:25.529 [info] > git for-each-ref --format=%(refname)%00%(upstream:short)%00%(objectname)%00%(upstream:track)%00%(upstream:remotename)%00%(upstream:remoteref) refs/heads/master refs/remotes/master [1ms]
2022-11-12 09:35:30.566 [info] > git status -z -uall [8ms]
2022-11-12 09:35:30.567 [info] > git remote --verbose [16ms]
2022-11-12 09:35:30.568 [info] > git for-each-ref --sort -committerdate --format %(refname) %(objectname) %(*objectname) [24ms]
2022-11-12 09:35:30.571 [info] > git config --get commit.template [5ms]
2022-11-12 09:35:30.582 [info] > git for-each-ref --format=%(refname)%00%(upstream:short)%00%(objectname)%00%(upstream:track)%00%(upstream:remotename)%00%(upstream:remoteref) refs/heads/master refs/remotes/master [1ms]
2022-11-12 09:35:35.621 [info] > git status -z -uall [9ms]
2022-11-12 09:35:35.621 [info] > git remote --verbose [17ms]
2022-11-12 09:35:35.622 [info] > git for-each-ref --sort -committerdate --format %(refname) %(objectname) %(*objectname) [24ms]
2022-11-12 09:35:35.623 [info] > git config --get commit.template [4ms]
2022-11-12 09:35:35.635 [info] > git for-each-ref --format=%(refname)%00%(upstream:short)%00%(objectname)%00%(upstream:track)%00%(upstream:remotename)%00%(upstream:remoteref) refs/heads/master refs/remotes/master [1ms]
2022-11-12 09:35:40.671 [info] > git status -z -uall [9ms]
2022-11-12 09:35:40.673 [info] > git remote --verbose [18ms]
2022-11-12 09:35:40.673 [info] > git for-each-ref --sort -committerdate --format %(refname) %(objectname) %(*objectname) [26ms]
2022-11-12 09:35:40.677 [info] > git config --get commit.template [6ms]
2022-11-12 09:35:40.688 [info] > git for-each-ref --format=%(refname)%00%(upstream:short)%00%(objectname)%00%(upstream:track)%00%(upstream:remotename)%00%(upstream:remoteref) refs/heads/master refs/remotes/master [1ms]
2022-11-12 09:35:45.726 [info] > git status -z -uall [8ms]
2022-11-12 09:35:45.727 [info] > git remote --verbose [16ms]
2022-11-12 09:35:45.728 [info] > git for-each-ref --sort -committerdate --format %(refname) %(objectname) %(*objectname) [23ms]
2022-11-12 09:35:45.729 [info] > git config --get commit.template [2ms]
2022-11-12 09:35:45.739 [info] > git for-each-ref --format=%(refname)%00%(upstream:short)%00%(objectname)%00%(upstream:track)%00%(upstream:remotename)%00%(upstream:remoteref) refs/heads/master refs/remotes/master [1ms]
2022-11-12 09:35:50.776 [info] > git status -z -uall [8ms]
2022-11-12 09:35:50.778 [info] > git remote --verbose [15ms]
2022-11-12 09:35:50.778 [info] > git for-each-ref --sort -committerdate --format %(refname) %(objectname) %(*objectname) [24ms]
2022-11-12 09:35:50.780 [info] > git config --get commit.template [3ms]
2022-11-12 09:35:50.789 [info] > git for-each-ref --format=%(refname)%00%(upstream:short)%00%(objectname)%00%(upstream:track)%00%(upstream:remotename)%00%(upstream:remoteref) refs/heads/master refs/remotes/master [1ms]
2022-11-12 09:35:55.830 [info] > git status -z -uall [9ms]
2022-11-12 09:35:55.831 [info] > git remote --verbose [16ms]
2022-11-12 09:35:55.831 [info] > git for-each-ref --sort -committerdate --format %(refname) %(objectname) %(*objectname) [25ms]
2022-11-12 09:35:55.834 [info] > git config --get commit.template [4ms]
2022-11-12 09:35:55.847 [info] > git for-each-ref --format=%(refname)%00%(upstream:short)%00%(objectname)%00%(upstream:track)%00%(upstream:remotename)%00%(upstream:remoteref) refs/heads/master refs/remotes/master [0ms]
2022-11-12 09:36:00.885 [info] > git status -z -uall [8ms]
2022-11-12 09:36:00.886 [info] > git remote --verbose [16ms]
2022-11-12 09:36:00.886 [info] > git for-each-ref --sort -committerdate --format %(refname) %(objectname) %(*objectname) [23ms]
2022-11-12 09:36:00.887 [info] > git config --get commit.template [3ms]
2022-11-12 09:36:00.897 [info] > git for-each-ref --format=%(refname)%00%(upstream:short)%00%(objectname)%00%(upstream:track)%00%(upstream:remotename)%00%(upstream:remoteref) refs/heads/master refs/remotes/master [0ms]
