2022-11-12 09:30:29.300 [info] Extension host with pid 7420 started
2022-11-12 09:30:29.301 [info] Skipping acquiring lock for /home/quhaidong/workspace/Project/ZeusSwap/~/.vscode-root/User/workspaceStorage/3093e0a29c56a8861ba6b0576d32fa32.
2022-11-12 09:30:29.426 [info] ExtensionService#_doActivateExtension vscode.microsoft-authentication, startup: false, activationEvent: 'onAuthenticationRequest:microsoft'
2022-11-12 09:30:29.428 [info] ExtensionService#_doActivateExtension vscode.git-base, startup: true, activationEvent: '*'
2022-11-12 09:30:29.429 [info] ExtensionService#_doActivateExtension ms-vscode.test-adapter-converter, startup: true, activationEvent: '*', root cause: hbenl.vscode-test-explorer
2022-11-12 09:30:29.429 [info] ExtensionService#_doActivateExtension vscode.npm, startup: true, activationEvent: 'workspaceContains:package.json'
2022-11-12 09:30:29.625 [info] ExtensionService#_doActivateExtension vscode.github, startup: true, activationEvent: '*'
2022-11-12 09:30:29.625 [info] ExtensionService#_doActivateExtension hbenl.vscode-test-explorer, startup: true, activationEvent: '*'
2022-11-12 09:30:29.729 [info] ExtensionService#_doActivateExtension vscode.git, startup: false, activationEvent: 'api', root cause: vscode.github
2022-11-12 09:30:29.809 [info] Eager extensions activated
2022-11-12 09:30:29.810 [info] ExtensionService#_doActivateExtension vscode.github-authentication, startup: false, activationEvent: 'onAuthenticationRequest:github'
2022-11-12 09:30:29.852 [info] ExtensionService#_doActivateExtension hbenl.vscode-mocha-test-adapter, startup: false, activationEvent: '*'
2022-11-12 09:30:29.852 [info] ExtensionService#_doActivateExtension vscode.debug-auto-launch, startup: false, activationEvent: 'onStartupFinished'
2022-11-12 09:30:29.852 [info] ExtensionService#_doActivateExtension vscode.emmet, startup: false, activationEvent: 'onStartupFinished'
2022-11-12 09:30:29.852 [info] ExtensionService#_doActivateExtension vscode.merge-conflict, startup: false, activationEvent: 'onStartupFinished'
2022-11-12 09:30:29.853 [info] ExtensionService#_doActivateExtension esbenp.prettier-vscode, startup: false, activationEvent: 'onStartupFinished'
2022-11-12 09:30:38.731 [info] ExtensionService#_doActivateExtension vscode.typescript-language-features, startup: false, activationEvent: 'onLanguage:typescript'
2022-11-12 09:30:44.998 [warning] [Decorations] CAPPING events from decorations provider vscode.git 291
2022-11-12 09:30:45.835 [info] ExtensionService#_doActivateExtension vscode.extension-editing, startup: false, activationEvent: 'onLanguage:markdown'
2022-11-12 09:30:45.836 [info] ExtensionService#_doActivateExtension vscode.markdown-language-features, startup: false, activationEvent: 'onLanguage:markdown'
2022-11-12 09:30:46.594 [info] ExtensionService#_doActivateExtension vscode.markdown-math, startup: false, activationEvent: 'api', root cause: vscode.markdown-language-features
2022-11-12 09:30:46.671 [info] ExtensionService#_doActivateExtension vscode.configuration-editing, startup: false, activationEvent: 'onLanguage:json'
2022-11-12 09:30:46.671 [info] ExtensionService#_doActivateExtension vscode.json-language-features, startup: false, activationEvent: 'onLanguage:json'
2022-11-12 09:34:08.465 [warning] [Decorations] CAPPING events from decorations provider vscode.git 588
2022-11-12 09:35:10.361 [warning] [Decorations] CAPPING events from decorations provider vscode.git 588
2022-11-12 09:35:15.414 [warning] [Decorations] CAPPING events from decorations provider vscode.git 588
2022-11-12 09:35:20.474 [warning] [Decorations] CAPPING events from decorations provider vscode.git 588
2022-11-12 09:35:25.533 [warning] [Decorations] CAPPING events from decorations provider vscode.git 588
2022-11-12 09:35:30.585 [warning] [Decorations] CAPPING events from decorations provider vscode.git 588
2022-11-12 09:35:35.638 [warning] [Decorations] CAPPING events from decorations provider vscode.git 589
2022-11-12 09:35:40.691 [warning] [Decorations] CAPPING events from decorations provider vscode.git 589
2022-11-12 09:35:45.742 [warning] [Decorations] CAPPING events from decorations provider vscode.git 591
2022-11-12 09:35:50.792 [warning] [Decorations] CAPPING events from decorations provider vscode.git 590
2022-11-12 09:35:55.849 [warning] [Decorations] CAPPING events from decorations provider vscode.git 590
2022-11-12 09:36:00.899 [warning] [Decorations] CAPPING events from decorations provider vscode.git 590
